c:\users\dongh\onedrive\documents\github\mediasoupclient_library\x64\release\vc142.pdb
c:\users\dongh\onedrive\documents\github\mediasoupclient_library\x64\release\mediasoupclient.obj
c:\users\dongh\source\repos\mediasoupclient\x64\release\mediasoupclient.ipdb
c:\users\dongh\source\repos\mediasoupclient\x64\release\mediasoupclient.iobj
c:\users\dongh\source\repos\mediasoupclient\x64\release\mediasoupclient.lib
c:\users\dongh\source\repos\mediasoupclient\x64\release\mediasoupclient.exp
c:\users\dongh\onedrive\documents\github\vr180-unity-client\assets\pluginsx64\release\mediasoupclient.lib
c:\users\dongh\onedrive\documents\github\vr180-unity-client\assets\pluginsx64\release\mediasoupclient.exp
c:\users\dongh\onedrive\documents\github\mediasoupclient_library\x64\release\mediasoupclient.ipdb
c:\users\dongh\onedrive\documents\github\mediasoupclient_library\x64\release\mediasoupclient.iobj
c:\users\dongh\onedrive\documents\github\mediasoupclient_library\x64\release\mediasoupclient.exp
c:\users\dongh\onedrive\documents\github\mediasoupclient_library\x64\release\mediasoupclient.pdb
c:\users\dongh\onedrive\documents\github\mediasoupclient_library\x64\release\testmediasoupclient.pdb
c:\users\dongh\onedrive\documents\github\vr180-unity-client\assets\plugins\x64\release\mediasoupclient.pdb
c:\users\dongh\onedrive\documents\github\vr180-unity-client\assets\plugins\x64\release\mediasoupclient.dll
c:\users\dongh\onedrive\documents\github\mediasoupclient_library\x64\release\mediasoupclient.tlog\cl.command.1.tlog
c:\users\dongh\onedrive\documents\github\mediasoupclient_library\x64\release\mediasoupclient.tlog\cl.read.1.tlog
c:\users\dongh\onedrive\documents\github\mediasoupclient_library\x64\release\mediasoupclient.tlog\cl.write.1.tlog
c:\users\dongh\onedrive\documents\github\mediasoupclient_library\x64\release\mediasoupclient.tlog\link.command.1.tlog
c:\users\dongh\onedrive\documents\github\mediasoupclient_library\x64\release\mediasoupclient.tlog\link.read.1.tlog
c:\users\dongh\onedrive\documents\github\mediasoupclient_library\x64\release\mediasoupclient.tlog\link.write.1.tlog
c:\users\dongh\onedrive\documents\github\mediasoupclient_library\x64\release\mediasoupclient.tlog\mediasoupclient.write.1u.tlog
